{"D:\\All_IBG\\1_Assignments_From_Resources_Tab\\Exercises from Basic JS LinkedIn Lessons\\2. FirstStepCoding\\$Lesson3.4_ReviewMaterial\\problem-1.js": {"path":"D:\\All_IBG\\1_Assignments_From_Resources_Tab\\Exercises from Basic JS LinkedIn Lessons\\2. FirstStepCoding\\$Lesson3.4_ReviewMaterial\\problem-1.js","statementMap":{"0":{"start":{"line":22,"column":2},"end":{"line":22,"column":45}},"1":{"start":{"line":25,"column":2},"end":{"line":25,"column":22}},"2":{"start":{"line":28,"column":0},"end":{"line":28,"column":34}},"3":{"start":{"line":30,"column":0},"end":{"line":30,"column":60}},"4":{"start":{"line":31,"column":0},"end":{"line":31,"column":52}}},"fnMap":{"0":{"name":"total_characters","decl":{"start":{"line":15,"column":9},"end":{"line":15,"column":25}},"loc":{"start":{"line":15,"column":39},"end":{"line":26,"column":1}},"line":15}},"branchMap":{},"s":{"0":5,"1":5,"2":1,"3":1,"4":1},"f":{"0":5},"b":{},"_coverageSchema":"1a1c01bbd47fc00a2c39e90264f33305004495a9","hash":"e5baacc210e887e7e7bea96f1bec8addfeb56cd9"}
}
